0 info it worked if it ends with ok
1 verbose cli [ '/home/parth/.nvm/v6.10.0/bin/node',
1 verbose cli   '/home/parth/.nvm/v6.10.0/bin/npm',
1 verbose cli   'run',
1 verbose cli   'lint' ]
2 info using npm@3.10.10
3 info using node@v6.10.0
4 verbose run-script [ 'prelint', 'lint', 'postlint' ]
5 info lifecycle cd-lamda@1.0.0~prelint: cd-lamda@1.0.0
6 silly lifecycle cd-lamda@1.0.0~prelint: no script for prelint, continuing
7 info lifecycle cd-lamda@1.0.0~lint: cd-lamda@1.0.0
8 verbose lifecycle cd-lamda@1.0.0~lint: unsafe-perm in lifecycle true
9 verbose lifecycle cd-lamda@1.0.0~lint: PATH: /home/parth/.nvm/v6.10.0/lib/node_modules/npm/bin/node-gyp-bin:/home/parth/projects/cd-lamda/node_modules/.bin:/home/parth/.nvm/v6.10.0/bin:/home/parth/bin:/home/parth/.local/bin:/usr/local/sbin:/usr/local/bin:/usr/sbin:/usr/bin:/sbin:/bin:/usr/games:/usr/local/games:/snap/bin
10 verbose lifecycle cd-lamda@1.0.0~lint: CWD: /home/parth/projects/cd-lamda
11 silly lifecycle cd-lamda@1.0.0~lint: Args: [ '-c',
11 silly lifecycle   'node node_modules/eslint/bin/eslint.js index.js logger.js' ]
12 silly lifecycle cd-lamda@1.0.0~lint: Returned: code: 1  signal: null
13 info lifecycle cd-lamda@1.0.0~lint: Failed to exec lint script
14 verbose stack Error: cd-lamda@1.0.0 lint: `node node_modules/eslint/bin/eslint.js index.js logger.js`
14 verbose stack Exit status 1
14 verbose stack     at EventEmitter.<anonymous> (/home/parth/.nvm/v6.10.0/lib/node_modules/npm/lib/utils/lifecycle.js:255:16)
14 verbose stack     at emitTwo (events.js:106:13)
14 verbose stack     at EventEmitter.emit (events.js:191:7)
14 verbose stack     at ChildProcess.<anonymous> (/home/parth/.nvm/v6.10.0/lib/node_modules/npm/lib/utils/spawn.js:40:14)
14 verbose stack     at emitTwo (events.js:106:13)
14 verbose stack     at ChildProcess.emit (events.js:191:7)
14 verbose stack     at maybeClose (internal/child_process.js:877:16)
14 verbose stack     at Process.ChildProcess._handle.onexit (internal/child_process.js:226:5)
15 verbose pkgid cd-lamda@1.0.0
16 verbose cwd /home/parth/projects/cd-lamda
17 error Linux 4.8.0-46-generic
18 error argv "/home/parth/.nvm/v6.10.0/bin/node" "/home/parth/.nvm/v6.10.0/bin/npm" "run" "lint"
19 error node v6.10.0
20 error npm  v3.10.10
21 error code ELIFECYCLE
22 error cd-lamda@1.0.0 lint: `node node_modules/eslint/bin/eslint.js index.js logger.js`
22 error Exit status 1
23 error Failed at the cd-lamda@1.0.0 lint script 'node node_modules/eslint/bin/eslint.js index.js logger.js'.
23 error Make sure you have the latest version of node.js and npm installed.
23 error If you do, this is most likely a problem with the cd-lamda package,
23 error not with npm itself.
23 error Tell the author that this fails on your system:
23 error     node node_modules/eslint/bin/eslint.js index.js logger.js
23 error You can get information on how to open an issue for this project with:
23 error     npm bugs cd-lamda
23 error Or if that isn't available, you can get their info via:
23 error     npm owner ls cd-lamda
23 error There is likely additional logging output above.
24 verbose exit [ 1, true ]
